This is XeTeX, Version 3.14159265-2.6-0.999992 (MiKTeX 20.11) (preloaded format=xelatex 2020.12.16)  5 MAY 2021 20:58
entering extended mode
**./4072pj3.tex
(4072pj3.tex
LaTeX2e <2020-10-01> patch level 2
L3 programming layer <2020-10-27> xparse <2020-03-03>
(C:\Users\cadlab\AppData\Local\Programs\MiKTeX\tex/latex/base\report.cls
Document Class: report 2020/04/10 v1.4m Standard LaTeX document class
(C:\Users\cadlab\AppData\Local\Programs\MiKTeX\tex/latex/base\size10.clo
File: size10.clo 2020/04/10 v1.4m Standard LaTeX file (size option)
)
\c@part=\count171
\c@chapter=\count172
\c@section=\count173
\c@subsection=\count174
\c@subsubsection=\count175
\c@paragraph=\count176
\c@subparagraph=\count177
\c@figure=\count178
\c@table=\count179
\abovecaptionskip=\skip47
\belowcaptionskip=\skip48
\bibindent=\dimen138
)
(C:\Users\cadlab\AppData\Local\Programs\MiKTeX\tex/xelatex/xecjk\xeCJK.sty
(C:\Users\cadlab\AppData\Local\Programs\MiKTeX\tex/latex/l3kernel\expl3.sty
Package: expl3 2020-10-27 L3 programming layer (loader) 

(C:\Users\cadlab\AppData\Local\Programs\MiKTeX\tex/latex/l3backend\l3backend-xe
tex.def
File: l3backend-xetex.def 2020-09-24 L3 backend support: XeTeX
\g__graphics_track_int=\count180
\l__pdf_internal_box=\box47
\g__pdf_backend_object_int=\count181
\g__pdf_backend_annotation_int=\count182
))
Package: xeCJK 2020/10/19 v3.8.6 Typesetting CJK scripts with XeLaTeX

(C:\Users\cadlab\AppData\Local\Programs\MiKTeX\tex/latex/l3packages/l3keys2e\l3
keys2e.sty
Package: l3keys2e 2020-10-27 LaTeX2e option processing using LaTeX3 keys
)
(C:\Users\cadlab\AppData\Local\Programs\MiKTeX\tex/latex/l3packages/xtemplate\x
template.sty
Package: xtemplate 2020-10-27 L3 Experimental prototype document functions
\l__xtemplate_tmp_dim=\dimen139
\l__xtemplate_tmp_int=\count183
\l__xtemplate_tmp_muskip=\muskip16
\l__xtemplate_tmp_skip=\skip49
)
(C:\Users\cadlab\AppData\Local\Programs\MiKTeX\tex/latex/l3packages/xparse\xpar
se.sty
Package: xparse 2020-10-27 L3 Experimental document command parser

(C:\Users\cadlab\AppData\Local\Programs\MiKTeX\tex/latex/l3packages/xparse\xpar
se-generic.tex))
\l__xeCJK_tmp_int=\count184
\l__xeCJK_tmp_box=\box48
\l__xeCJK_tmp_dim=\dimen140
\l__xeCJK_tmp_skip=\skip50

(C:\Users\cadlab\AppData\Local\Programs\MiKTeX\tex/latex/ctex\ctexhook.sty
Package: ctexhook 2020/10/19 v2.5.5 Document and package hooks (CTEX)
)
\g__xeCJK_space_factor_int=\count185
\l__xeCJK_begin_int=\count186
\l__xeCJK_end_int=\count187
\c__xeCJK_CJK_class_int=\XeTeXcharclass1
\c__xeCJK_FullLeft_class_int=\XeTeXcharclass2
\c__xeCJK_FullRight_class_int=\XeTeXcharclass3
\c__xeCJK_HalfLeft_class_int=\XeTeXcharclass4
\c__xeCJK_HalfRight_class_int=\XeTeXcharclass5
\c__xeCJK_NormalSpace_class_int=\XeTeXcharclass6
\c__xeCJK_CM_class_int=\XeTeXcharclass7
\c__xeCJK_HangulJamo_class_int=\XeTeXcharclass8
\l__xeCJK_last_skip=\skip51
\g__xeCJK_node_int=\count188
\c__xeCJK_CJK_node_dim=\dimen141
\c__xeCJK_CJK-space_node_dim=\dimen142
\c__xeCJK_default_node_dim=\dimen143
\c__xeCJK_default-space_node_dim=\dimen144
\c__xeCJK_CJK-widow_node_dim=\dimen145
\c__xeCJK_normalspace_node_dim=\dimen146
\l__xeCJK_ccglue_skip=\skip52
\l__xeCJK_ecglue_skip=\skip53
\l__xeCJK_punct_kern_skip=\skip54
\l__xeCJK_last_penalty_int=\count189
\l__xeCJK_last_bound_dim=\dimen147
\l__xeCJK_last_kern_dim=\dimen148
\l__xeCJK_widow_penalty_int=\count190

Package xtemplate Info: Declaring object type 'xeCJK/punctuation' taking 0
(xtemplate)             argument(s) on line 2341.

\l__xeCJK_fixed_punct_width_dim=\dimen149
\l__xeCJK_mixed_punct_width_dim=\dimen150
\l__xeCJK_middle_punct_width_dim=\dimen151
\l__xeCJK_fixed_margin_width_dim=\dimen152
\l__xeCJK_mixed_margin_width_dim=\dimen153
\l__xeCJK_middle_margin_width_dim=\dimen154
\l__xeCJK_bound_punct_width_dim=\dimen155
\l__xeCJK_bound_margin_width_dim=\dimen156
\l__xeCJK_margin_minimum_dim=\dimen157
\l__xeCJK_kerning_total_width_dim=\dimen158
\l__xeCJK_same_align_margin_dim=\dimen159
\l__xeCJK_different_align_margin_dim=\dimen160
\l__xeCJK_kerning_margin_width_dim=\dimen161
\l__xeCJK_kerning_margin_minimum_dim=\dimen162
\l__xeCJK_bound_dim=\dimen163
\l__xeCJK_reverse_bound_dim=\dimen164
\l__xeCJK_margin_dim=\dimen165
\l__xeCJK_minimum_bound_dim=\dimen166
\l__xeCJK_kerning_margin_dim=\dimen167
\g__xeCJK_family_int=\count191
\l__xeCJK_fam_int=\count192
\g__xeCJK_fam_allocation_int=\count193
\l__xeCJK_verb_case_int=\count194
\l__xeCJK_verb_exspace_skip=\skip55

(C:\Users\cadlab\AppData\Local\Programs\MiKTeX\tex/latex/fontspec\fontspec.sty
Package: fontspec 2020/02/21 v2.7i Font selection for XeLaTeX and LuaLaTeX

(C:\Users\cadlab\AppData\Local\Programs\MiKTeX\tex/latex/fontspec\fontspec-xete
x.sty
Package: fontspec-xetex 2020/02/21 v2.7i Font selection for XeLaTeX and LuaLaTe
X
\l__fontspec_script_int=\count195
\l__fontspec_language_int=\count196
\l__fontspec_strnum_int=\count197
\l__fontspec_tmp_int=\count198
\l__fontspec_tmpa_int=\count199
\l__fontspec_tmpb_int=\count266
\l__fontspec_tmpc_int=\count267
\l__fontspec_em_int=\count268
\l__fontspec_emdef_int=\count269
\l__fontspec_strong_int=\count270
\l__fontspec_strongdef_int=\count271
\l__fontspec_tmpa_dim=\dimen168
\l__fontspec_tmpb_dim=\dimen169
\l__fontspec_tmpc_dim=\dimen170
 (C:\Users\cadlab\AppData\Local\Programs\MiKTeX\tex/latex/base\fontenc.sty
Package: fontenc 2020/08/10 v2.0s Standard LaTeX package
)
(C:\Users\cadlab\AppData\Local\Programs\MiKTeX\tex/latex/fontspec\fontspec.cfg)
)) (C:\Users\cadlab\AppData\Local\Programs\MiKTeX\tex/xelatex/xecjk\xeCJK.cfg
File: xeCJK.cfg 2020/10/19 v3.8.6 Configuration file for xeCJK package
))

Package fontspec Info: Could not resolve font "標楷體/BI" (it probably doesn't
(fontspec)             exist).


Package fontspec Info: Could not resolve font "標楷體/B" (it probably doesn't
(fontspec)             exist).


Package fontspec Info: Could not resolve font "標楷體/I" (it probably doesn't
(fontspec)             exist).


Package fontspec Info: Font family '標楷體(0)' created for font '標楷體' with
(fontspec)             options [Script={CJK}].
(fontspec)              
(fontspec)              This font family consists of the following NFSS
(fontspec)             series/shapes:
(fontspec)              
(fontspec)             - 'normal' (m/n) with NFSS spec.:
(fontspec)             <->"標楷體/OT:script=hani;language=dflt;"
(fontspec)             - 'small caps'  (m/sc) with NFSS spec.: 

(C:\Users\cadlab\AppData\Local\Programs\MiKTeX\tex/latex/amsmath\amsmath.sty
Package: amsmath 2020/09/23 v2.17i AMS math features
\@mathmargin=\skip56

For additional information on amsmath, use the `?' option.
(C:\Users\cadlab\AppData\Local\Programs\MiKTeX\tex/latex/amsmath\amstext.sty
Package: amstext 2000/06/29 v2.01 AMS text

(C:\Users\cadlab\AppData\Local\Programs\MiKTeX\tex/latex/amsmath\amsgen.sty
File: amsgen.sty 1999/11/30 v2.0 generic functions
\@emptytoks=\toks15
\ex@=\dimen171
))
(C:\Users\cadlab\AppData\Local\Programs\MiKTeX\tex/latex/amsmath\amsbsy.sty
Package: amsbsy 1999/11/29 v1.2d Bold Symbols
\pmbraise@=\dimen172
)
(C:\Users\cadlab\AppData\Local\Programs\MiKTeX\tex/latex/amsmath\amsopn.sty
Package: amsopn 2016/03/08 v2.02 operator names
)
\inf@bad=\count272
LaTeX Info: Redefining \frac on input line 234.
\uproot@=\count273
\leftroot@=\count274
LaTeX Info: Redefining \overline on input line 399.
\classnum@=\count275
\DOTSCASE@=\count276
LaTeX Info: Redefining \ldots on input line 496.
LaTeX Info: Redefining \dots on input line 499.
LaTeX Info: Redefining \cdots on input line 620.
\Mathstrutbox@=\box49
\strutbox@=\box50
\big@size=\dimen173
LaTeX Font Info:    Redeclaring font encoding OML on input line 743.
LaTeX Font Info:    Redeclaring font encoding OMS on input line 744.
\macc@depth=\count277
\c@MaxMatrixCols=\count278
\dotsspace@=\muskip17
\c@parentequation=\count279
\dspbrk@lvl=\count280
\tag@help=\toks16
\row@=\count281
\column@=\count282
\maxfields@=\count283
\andhelp@=\toks17
\eqnshift@=\dimen174
\alignsep@=\dimen175
\tagshift@=\dimen176
\tagwidth@=\dimen177
\totwidth@=\dimen178
\lineht@=\dimen179
\@envbody=\toks18
\multlinegap=\skip57
\multlinetaggap=\skip58
\mathdisplay@stack=\toks19
LaTeX Info: Redefining \[ on input line 2923.
LaTeX Info: Redefining \] on input line 2924.
)
(C:\Users\cadlab\AppData\Local\Programs\MiKTeX\tex/latex/amsfonts\amssymb.sty
Package: amssymb 2013/01/14 v3.01 AMS font symbols

(C:\Users\cadlab\AppData\Local\Programs\MiKTeX\tex/latex/amsfonts\amsfonts.sty
Package: amsfonts 2013/01/14 v3.01 Basic AMSFonts support
\symAMSa=\mathgroup4
\symAMSb=\mathgroup5
LaTeX Font Info:    Redeclaring math symbol \hbar on input line 98.
LaTeX Font Info:    Overwriting math alphabet `\mathfrak' in version `bold'
(Font)                  U/euf/m/n --> U/euf/b/n on input line 106.
))
(C:\Users\cadlab\AppData\Local\Programs\MiKTeX\tex/latex/graphics\graphicx.sty
Package: graphicx 2020/09/09 v1.2b Enhanced LaTeX Graphics (DPC,SPQR)

(C:\Users\cadlab\AppData\Local\Programs\MiKTeX\tex/latex/graphics\keyval.sty
Package: keyval 2014/10/28 v1.15 key=value parser (DPC)
\KV@toks@=\toks20
)
(C:\Users\cadlab\AppData\Local\Programs\MiKTeX\tex/latex/graphics\graphics.sty
Package: graphics 2020/08/30 v1.4c Standard LaTeX Graphics (DPC,SPQR)

(C:\Users\cadlab\AppData\Local\Programs\MiKTeX\tex/latex/graphics\trig.sty
Package: trig 2016/01/03 v1.10 sin cos tan (DPC)
)
(C:\Users\cadlab\AppData\Local\Programs\MiKTeX\tex/latex/graphics-cfg\graphics.
cfg
File: graphics.cfg 2016/06/04 v1.11 sample graphics configuration
)
Package graphics Info: Driver file: xetex.def on input line 105.

(C:\Users\cadlab\AppData\Local\Programs\MiKTeX\tex/latex/graphics-def\xetex.def
File: xetex.def 2020/08/26 v5.0i Graphics/color driver for xetex
))
\Gin@req@height=\dimen180
\Gin@req@width=\dimen181
) (C:\Users\cadlab\AppData\Local\Programs\MiKTeX\tex/latex/subfig\subfig.sty
Package: subfig 2005/06/28 ver: 1.3 subfig package

(C:\Users\cadlab\AppData\Local\Programs\MiKTeX\tex/latex/caption\caption.sty
Package: caption 2020/10/26 v3.5g Customizing captions (AR)

(C:\Users\cadlab\AppData\Local\Programs\MiKTeX\tex/latex/caption\caption3.sty
Package: caption3 2020/10/21 v2.2e caption3 kernel (AR)
\captionmargin=\dimen182
\captionmargin@=\dimen183
\captionwidth=\dimen184
\caption@tempdima=\dimen185
\caption@indent=\dimen186
\caption@parindent=\dimen187
\caption@hangindent=\dimen188
Package caption Info: Standard document class detected.
)
\c@caption@flags=\count284
\c@continuedfloat=\count285
)
\c@KVtest=\count286
\sf@farskip=\skip59
\sf@captopadj=\dimen189
\sf@capskip=\skip60
\sf@nearskip=\skip61
\c@subfigure=\count287
\c@subfigure@save=\count288
\c@lofdepth=\count289
\c@subtable=\count290
\c@subtable@save=\count291
\c@lotdepth=\count292
\sf@top=\skip62
\sf@bottom=\skip63
) (C:\Users\cadlab\AppData\Local\Programs\MiKTeX\tex/latex/type1cm\type1cm.sty
Package: type1cm 2002/09/05 v0.04 BlueSky/Y&Y Type1 CM font definitions (DPC, p
atched RF)
) (C:\Users\cadlab\AppData\Local\Programs\MiKTeX\tex/latex/textpos\textpos.sty
Package: textpos 2020/09/26 v1.10

Package: textpos 2020/09/26 1.10, absolute positioning of text on the page
Package textpos Info: choosing support for LaTeX3 on input line 61.
\TP@textbox=\box51
\TPHorizModule=\dimen190
\TPVertModule=\dimen191
\TP@margin=\dimen192
\TP@absmargin=\dimen193
Grid set 16 x 16 = 37.34424pt x 52.81541pt
\TPboxrulesize=\dimen194
\TP@tbargs=\toks21
)
(C:\Users\cadlab\AppData\Local\Programs\MiKTeX\tex/latex/geometry\geometry.sty
Package: geometry 2020/01/02 v5.9 Page Geometry

(C:\Users\cadlab\AppData\Local\Programs\MiKTeX\tex/generic/iftex\ifvtex.sty
Package: ifvtex 2019/10/25 v1.7 ifvtex legacy package. Use iftex instead.

(C:\Users\cadlab\AppData\Local\Programs\MiKTeX\tex/generic/iftex\iftex.sty
Package: iftex 2020/03/06 v1.0d TeX engine tests
))
\Gm@cnth=\count293
\Gm@cntv=\count294
\c@Gm@tempcnt=\count295
\Gm@bindingoffset=\dimen195
\Gm@wd@mp=\dimen196
\Gm@odd@mp=\dimen197
\Gm@even@mp=\dimen198
\Gm@layoutwidth=\dimen199
\Gm@layoutheight=\dimen256
\Gm@layouthoffset=\dimen257
\Gm@layoutvoffset=\dimen258
\Gm@dimlist=\toks22

(C:\Users\cadlab\AppData\Local\Programs\MiKTeX\tex/xelatex/xetexconfig\geometry
.cfg))
(C:\Users\cadlab\AppData\Local\Programs\MiKTeX\tex/latex/titlesec\titlesec.sty
Package: titlesec 2019/10/16 v2.13 Sectioning titles
\ttl@box=\box52
\beforetitleunit=\skip64
\aftertitleunit=\skip65
\ttl@plus=\dimen259
\ttl@minus=\dimen260
\ttl@toksa=\toks23
\titlewidth=\dimen261
\titlewidthlast=\dimen262
\titlewidthfirst=\dimen263
) (C:\Users\cadlab\AppData\Local\Programs\MiKTeX\tex/latex/titlesec\titletoc.st
y
Package: titletoc 2019/10/16 v2.13 TOC entries
\ttl@leftsep=\dimen264
) (C:\Users\cadlab\AppData\Local\Programs\MiKTeX\tex/latex/cjk\CJKnumb.sty
Package: CJKnumb 2015/04/18 4.8.4
\CJK@q=\count296
\CJK@r=\count297
)
(C:\Users\cadlab\AppData\Local\Programs\MiKTeX\tex/latex/float\float.sty
Package: float 2001/11/08 v1.3d Float enhancements (AL)
\c@float@type=\count298
\float@exts=\toks24
\float@box=\box53
\@float@everytoks=\toks25
\@floatcapt=\box54
)
(C:\Users\cadlab\AppData\Local\Programs\MiKTeX\tex/latex/tools\enumerate.sty
Package: enumerate 2015/07/23 v3.00 enumerate extensions (DPC)
\@enLab=\toks26
)
(C:\Users\cadlab\AppData\Local\Programs\MiKTeX\tex/latex/listings\listings.sty
\lst@mode=\count299
\lst@gtempboxa=\box55
\lst@token=\toks27
\lst@length=\count300
\lst@currlwidth=\dimen265
\lst@column=\count301
\lst@pos=\count302
\lst@lostspace=\dimen266
\lst@width=\dimen267
\lst@newlines=\count303
\lst@lineno=\count304
\lst@maxwidth=\dimen268

(C:\Users\cadlab\AppData\Local\Programs\MiKTeX\tex/latex/listings\lstmisc.sty
File: lstmisc.sty 2020/03/24 1.8d (Carsten Heinz)
\c@lstnumber=\count305
\lst@skipnumbers=\count306
\lst@framebox=\box56
)
(C:\Users\cadlab\AppData\Local\Programs\MiKTeX\tex/latex/listings\listings.cfg
File: listings.cfg 2020/03/24 1.8d listings configuration
))
Package: listings 2020/03/24 1.8d (Carsten Heinz)

(C:\Users\cadlab\AppData\Local\Programs\MiKTeX\tex/xelatex/xecjk\xeCJK-listings
.sty
Package: xeCJK-listings 2020/10/19 v3.8.6 xeCJK patch file for listings
\l__xeCJK_listings_max_char_int=\count307
\l__xeCJK_listings_flag_int=\count308
)
(C:\Users\cadlab\AppData\Local\Programs\MiKTeX\tex/latex/tools\indentfirst.sty
Package: indentfirst 1995/11/23 v1.03 Indent first paragraph (DPC)
) (C:\Users\cadlab\AppData\Local\Programs\MiKTeX\tex/latex/listings\lstlang1.st
y
File: lstlang1.sty 2020/03/24 1.8d listings language file
)

LaTeX Warning: Unused global option(s):
    [14pt].

(4072pj3.aux

LaTeX Warning: Label `fig:scale' multiply defined.


LaTeX Warning: Label `fig:scale' multiply defined.


LaTeX Warning: Label `fig:scale' multiply defined.


LaTeX Warning: Label `fig:scale' multiply defined.


LaTeX Warning: Label `fig:scale' multiply defined.


LaTeX Warning: Label `fig:scale' multiply defined.


LaTeX Warning: Label `fig:scale' multiply defined.


LaTeX Warning: Label `fig:scale' multiply defined.


LaTeX Warning: Label `fig:scale' multiply defined.


LaTeX Warning: Label `fig:scale' multiply defined.


LaTeX Warning: Label `fig:scale' multiply defined.


LaTeX Warning: Label `fig:scale' multiply defined.


LaTeX Warning: Label `fig:scale' multiply defined.


LaTeX Warning: Label `fig:scale' multiply defined.


LaTeX Warning: Label `fig:scale' multiply defined.


LaTeX Warning: Label `lst:example' multiply defined.


LaTeX Warning: Label `lst:example' multiply defined.


LaTeX Warning: Label `lst:example' multiply defined.


LaTeX Warning: Label `lst:example' multiply defined.


LaTeX Warning: Label `lst:example' multiply defined.


LaTeX Warning: Label `lst:example' multiply defined.


LaTeX Warning: Label `lst:example' multiply defined.


LaTeX Warning: Label `lst:example' multiply defined.


LaTeX Warning: Label `lst:example' multiply defined.


LaTeX Warning: Label `lst:example' multiply defined.


LaTeX Warning: Label `lst:example' multiply defined.


LaTeX Warning: Label `lst:example' multiply defined.


LaTeX Warning: Label `lst:example' multiply defined.


LaTeX Warning: Label `lst:example' multiply defined.


LaTeX Warning: Label `lst:example' multiply defined.


LaTeX Warning: Label `lst:example' multiply defined.


LaTeX Warning: Label `lst:example' multiply defined.


LaTeX Warning: Label `lst:example' multiply defined.


LaTeX Warning: Label `lst:example' multiply defined.


LaTeX Warning: Label `lst:example' multiply defined.


LaTeX Warning: Label `lst:example' multiply defined.


LaTeX Warning: Label `lst:example' multiply defined.


LaTeX Warning: Label `lst:example' multiply defined.


LaTeX Warning: Label `lst:example' multiply defined.


LaTeX Warning: Label `lst:example' multiply defined.


LaTeX Warning: Label `lst:example' multiply defined.


LaTeX Warning: Label `lst:example' multiply defined.


LaTeX Warning: Label `lst:example' multiply defined.


LaTeX Warning: Label `lst:example' multiply defined.


LaTeX Warning: Label `lst:example' multiply defined.


LaTeX Warning: Label `lst:example' multiply defined.


LaTeX Warning: Label `lst:example' multiply defined.


LaTeX Warning: Label `fig:scale' multiply defined.


LaTeX Warning: Label `fig:scale' multiply defined.


LaTeX Warning: Label `fig:scale' multiply defined.


LaTeX Warning: Label `fig:scale' multiply defined.


LaTeX Warning: Label `fig:scale' multiply defined.


LaTeX Warning: Label `fig:scale' multiply defined.


LaTeX Warning: Label `fig:scale' multiply defined.


LaTeX Warning: Label `fig:scale' multiply defined.


LaTeX Warning: Label `fig:scale' multiply defined.


LaTeX Warning: Label `fig:scale' multiply defined.


LaTeX Warning: Label `fig:scale' multiply defined.


LaTeX Warning: Label `fig:scale' multiply defined.


LaTeX Warning: Label `fig:scale' multiply defined.

)
\openout1 = `4072pj3.aux'.

LaTeX Font Info:    Checking defaults for OML/cmm/m/it on input line 58.
LaTeX Font Info:    ... okay on input line 58.
LaTeX Font Info:    Checking defaults for OMS/cmsy/m/n on input line 58.
LaTeX Font Info:    ... okay on input line 58.
LaTeX Font Info:    Checking defaults for OT1/cmr/m/n on input line 58.
LaTeX Font Info:    ... okay on input line 58.
LaTeX Font Info:    Checking defaults for T1/cmr/m/n on input line 58.
LaTeX Font Info:    ... okay on input line 58.
LaTeX Font Info:    Checking defaults for TS1/cmr/m/n on input line 58.
LaTeX Font Info:    Trying to load font information for TS1+cmr on input line 5
8.
 (C:\Users\cadlab\AppData\Local\Programs\MiKTeX\tex/latex/base\ts1cmr.fd
File: ts1cmr.fd 2019/12/16 v2.5j Standard LaTeX font definitions
)
LaTeX Font Info:    ... okay on input line 58.
LaTeX Font Info:    Checking defaults for TU/lmr/m/n on input line 58.
LaTeX Font Info:    ... okay on input line 58.
LaTeX Font Info:    Checking defaults for OMX/cmex/m/n on input line 58.
LaTeX Font Info:    ... okay on input line 58.
LaTeX Font Info:    Checking defaults for U/cmr/m/n on input line 58.
LaTeX Font Info:    ... okay on input line 58.

Package fontspec Info: Adjusting the maths setup (use [no-math] to avoid
(fontspec)             this).

\symlegacymaths=\mathgroup6
LaTeX Font Info:    Overwriting symbol font `legacymaths' in version `bold'
(Font)                  OT1/cmr/m/n --> OT1/cmr/bx/n on input line 58.
LaTeX Font Info:    Redeclaring math accent \acute on input line 58.
LaTeX Font Info:    Redeclaring math accent \grave on input line 58.
LaTeX Font Info:    Redeclaring math accent \ddot on input line 58.
LaTeX Font Info:    Redeclaring math accent \tilde on input line 58.
LaTeX Font Info:    Redeclaring math accent \bar on input line 58.
LaTeX Font Info:    Redeclaring math accent \breve on input line 58.
LaTeX Font Info:    Redeclaring math accent \check on input line 58.
LaTeX Font Info:    Redeclaring math accent \hat on input line 58.
LaTeX Font Info:    Redeclaring math accent \dot on input line 58.
LaTeX Font Info:    Redeclaring math accent \mathring on input line 58.
LaTeX Font Info:    Redeclaring math symbol \Gamma on input line 58.
LaTeX Font Info:    Redeclaring math symbol \Delta on input line 58.
LaTeX Font Info:    Redeclaring math symbol \Theta on input line 58.
LaTeX Font Info:    Redeclaring math symbol \Lambda on input line 58.
LaTeX Font Info:    Redeclaring math symbol \Xi on input line 58.
LaTeX Font Info:    Redeclaring math symbol \Pi on input line 58.
LaTeX Font Info:    Redeclaring math symbol \Sigma on input line 58.
LaTeX Font Info:    Redeclaring math symbol \Upsilon on input line 58.
LaTeX Font Info:    Redeclaring math symbol \Phi on input line 58.
LaTeX Font Info:    Redeclaring math symbol \Psi on input line 58.
LaTeX Font Info:    Redeclaring math symbol \Omega on input line 58.
LaTeX Font Info:    Redeclaring math symbol \mathdollar on input line 58.
LaTeX Font Info:    Redeclaring symbol font `operators' on input line 58.
LaTeX Font Info:    Encoding `OT1' has changed to `TU' for symbol font
(Font)              `operators' in the math version `normal' on input line 58.
LaTeX Font Info:    Overwriting symbol font `operators' in version `normal'
(Font)                  OT1/cmr/m/n --> TU/lmr/m/n on input line 58.
LaTeX Font Info:    Encoding `OT1' has changed to `TU' for symbol font
(Font)              `operators' in the math version `bold' on input line 58.
LaTeX Font Info:    Overwriting symbol font `operators' in version `bold'
(Font)                  OT1/cmr/bx/n --> TU/lmr/m/n on input line 58.
LaTeX Font Info:    Overwriting symbol font `operators' in version `normal'
(Font)                  TU/lmr/m/n --> TU/lmr/m/n on input line 58.
LaTeX Font Info:    Overwriting math alphabet `\mathit' in version `normal'
(Font)                  OT1/cmr/m/it --> TU/lmr/m/it on input line 58.
LaTeX Font Info:    Overwriting math alphabet `\mathbf' in version `normal'
(Font)                  OT1/cmr/bx/n --> TU/lmr/b/n on input line 58.
LaTeX Font Info:    Overwriting math alphabet `\mathsf' in version `normal'
(Font)                  OT1/cmss/m/n --> TU/lmss/m/n on input line 58.
LaTeX Font Info:    Overwriting math alphabet `\mathtt' in version `normal'
(Font)                  OT1/cmtt/m/n --> TU/lmtt/m/n on input line 58.
LaTeX Font Info:    Overwriting symbol font `operators' in version `bold'
(Font)                  TU/lmr/m/n --> TU/lmr/b/n on input line 58.
LaTeX Font Info:    Overwriting math alphabet `\mathit' in version `bold'
(Font)                  OT1/cmr/bx/it --> TU/lmr/b/it on input line 58.
LaTeX Font Info:    Overwriting math alphabet `\mathsf' in version `bold'
(Font)                  OT1/cmss/bx/n --> TU/lmss/b/n on input line 58.
LaTeX Font Info:    Overwriting math alphabet `\mathtt' in version `bold'
(Font)                  OT1/cmtt/m/n --> TU/lmtt/b/n on input line 58.
Package caption Info: Begin \AtBeginDocument code.
Package caption Info: subfig package v1.3 is loaded.
Package caption Info: float package is loaded.
Package caption Info: listings package is loaded.
Package caption Info: End \AtBeginDocument code.

*geometry* detected driver: pdftex
*geometry* verbose mode - [ preamble ] result:
* driver: pdftex
* paper: a4paper
* layout: <same size as paper>
* layoutoffset:(h,v)=(0.0pt,0.0pt)
* modes: 
* h-part:(L,W,R)=(85.35826pt, 441.01773pt, 71.13188pt)
* v-part:(T,H,B)=(71.13188pt, 702.78308pt, 71.13188pt)
* \paperwidth=597.50787pt
* \paperheight=845.04684pt
* \textwidth=441.01773pt
* \textheight=702.78308pt
* \oddsidemargin=13.08827pt
* \evensidemargin=13.08827pt
* \topmargin=-38.1381pt
* \headheight=12.0pt
* \headsep=25.0pt
* \topskip=10.0pt
* \footskip=30.0pt
* \marginparwidth=57.0pt
* \marginparsep=11.0pt
* \columnsep=10.0pt
* \skip\footins=9.0pt plus 4.0pt minus 2.0pt
* \hoffset=0.0pt
* \voffset=0.0pt
* \mag=1000
* \@twocolumnfalse
* \@twosidefalse
* \@mparswitchfalse
* \@reversemarginfalse
* (1in=72.27pt=25.4mm, 1cm=28.453pt)

\c@lstlisting=\count309

LaTeX Font Warning: Font shape `TU/標楷體(0)/b/n' undefined
(Font)              using `TU/標楷體(0)/m/n' instead on input line 63.


Underfull \hbox (badness 10000) detected at line 71
\TU/標楷體(0)/m/n/18 指 導 教 授
 []


Underfull \hbox (badness 10000) detected at line 72
\TU/標楷體(0)/m/n/18 李 武 鉦
 []


Underfull \hbox (badness 10000) detected at line 73
\TU/標楷體(0)/m/n/18 班 級
 []


Underfull \hbox (badness 10000) detected at line 74
\TU/標楷體(0)/m/n/18 四 設 計 三 甲
 []


Underfull \hbox (badness 10000) detected at line 75
\TU/標楷體(0)/m/n/18 學 生
 []


Underfull \hbox (badness 7221) detected at line 85
\TU/標楷體(0)/m/n/18 中 華 民 國 一 一 零 年 四 月
 []

[1

]
LaTeX Font Info:    Calculating math sizes for size <14> on input line 98.

Overfull \hbox (26.88pt too wide) in paragraph at lines 98--99
[]$[]$ 
 []


Overfull \hbox (26.88pt too wide) in paragraph at lines 98--99
[]$ 
 []


Overfull \hbox (26.88pt too wide) in paragraph at lines 98--99
[]$ 
 []


Overfull \hbox (26.88pt too wide) in paragraph at lines 98--99
[]$ 
 []


Overfull \hbox (26.88pt too wide) in paragraph at lines 98--99
[]$ 
 []


Underfull \hbox (badness 10000) in paragraph at lines 98--99

 []


Underfull \hbox (badness 10000) detected at line 109
\TU/標楷體(0)/m/n/14 評 審 委 員
 []


Overfull \hbox (84.0pt too wide) in paragraph at lines 110--111
[]$[]$ 
 []


Overfull \hbox (84.0pt too wide) in paragraph at lines 110--111
[]$ 
 []


Overfull \hbox (84.0pt too wide) in paragraph at lines 110--111
[]$ 
 []


Underfull \hbox (badness 10000) in paragraph at lines 110--111

 []


Underfull \hbox (badness 10000) detected at line 115
\TU/標楷體(0)/m/n/14 指 導 老 師
 []


Underfull \hbox (badness 10000) detected at line 116
\TU/標楷體(0)/m/n/14 系 主 任
 []


Underfull \hbox (badness 6477) detected at line 118
\TU/標楷體(0)/m/n/14 中 華 民 國 一 一 零 年
 []


Underfull \hbox (badness 4341) detected at line 119
\TU/標楷體(0)/m/n/14 四 月 二 十 九 日
 []

[2] [1] (4072pj3.toc [2

])
\tf@toc=\write3
\openout3 = `4072pj3.toc'.

 [3] (4072pj3.lof)
\tf@lof=\write4
\openout4 = `4072pj3.lof'.

 [4

]
Chapter 1.
[1

] [2]
Chapter 2.

Underfull \hbox (badness 10000) in paragraph at lines 175--176

 []

File: Linkage.png Graphic file (type bmp)
<Linkage.png>

Underfull \hbox (badness 10000) in paragraph at lines 185--186

 []

[3

]
File: M.Sketch.jpg Graphic file (type bmp)
<M.Sketch.jpg>

Underfull \hbox (badness 10000) in paragraph at lines 204--205

 []

[4]
File: 平面連桿之運動學模擬.png Graphic file (type bmp)
<平面連桿之運動學模擬.png>
File: 盤式凸輪機構之合成與分析.png Graphic file (type bmp)
<盤式凸輪機構之合成與分析.png>

Underfull \hbox (badness 10000) in paragraph at lines 227--228

 []

File: WinMecC.png Graphic file (type bmp)
<WinMecC.png>
[5]
Underfull \hbox (badness 10000) in paragraph at lines 237--238

 []

File: GIM.png Graphic file (type bmp)
<GIM.png>
[6]
File: 單軸懸架.jpg Graphic file (type bmp)
<單軸懸架.jpg>

Underfull \hbox (badness 10000) in paragraph at lines 265--266

 []

File: 連桿驅動之單樞軸懸架.jpg Graphic file (type bmp)
<連桿驅動之單樞軸懸架.jpg>
[7]
File: 高樞轉惰輪懸架.jpg Graphic file (type bmp)
<高樞轉惰輪懸架.jpg>

Underfull \hbox (badness 10000) in paragraph at lines 278--292

 []

File: 雙連桿懸掛.jpg Graphic file (type bmp)
<雙連桿懸掛.jpg>
[8]
Underfull \hbox (badness 10000) in paragraph at lines 305--306

 []

File: 霍斯特鏈懸掛.jpg Graphic file (type bmp)
<霍斯特鏈懸掛.jpg>
File: 霍斯特鏈懸掛2.jpg Graphic file (type bmp)
<霍斯特鏈懸掛2.jpg>
[9] [10]
Chapter 3.

Underfull \hbox (badness 10000) in paragraph at lines 345--347

 []


Underfull \hbox (badness 10000) in paragraph at lines 355--357

 []

[11

]
File: 實數編碼遺傳算法.png Graphic file (type bmp)
<實數編碼遺傳算法.png>
File: 螢火蟲算法.jpg Graphic file (type bmp)
<螢火蟲算法.jpg>
File: 差分進化演算法.jpg Graphic file (type bmp)
<差分進化演算法.jpg>
 [12] [13]
File: PyQt.png Graphic file (type bmp)
<PyQt.png>

Underfull \hbox (badness 10000) in paragraph at lines 411--414

 []


Underfull \hbox (badness 10000) in paragraph at lines 417--419

 []


Underfull \hbox (badness 10000) in paragraph at lines 425--426

 []

[14]
Underfull \hbox (badness 10000) in paragraph at lines 444--447

 []


Underfull \hbox (badness 10000) in paragraph at lines 450--451

 []


Underfull \hbox (badness 10000) in paragraph at lines 465--466

 []


Underfull \hbox (badness 10000) in paragraph at lines 471--472

 []

[15]
Underfull \hbox (badness 10000) in paragraph at lines 527--528

 []


Underfull \hbox (badness 10000) in paragraph at lines 543--544

 []

[16]
File: 曲柄滑塊機構.png Graphic file (type bmp)
<曲柄滑塊機構.png>
 [17]
File: 曲柄滑塊機構運用範圍.png Graphic file (type bmp)
<曲柄滑塊機構運用範圍.png>

Underfull \hbox (badness 10000) in paragraph at lines 616--617

 []

File: 曲柄搖桿機構.png Graphic file (type bmp)
<曲柄搖桿機構.png>
[18]
File: 曲柄搖桿機構範例.png Graphic file (type bmp)
<曲柄搖桿機構範例.png>

Underfull \hbox (badness 10000) in paragraph at lines 636--637

 []

File: 史蒂芬生機構作動.png Graphic file (type bmp)
<史蒂芬生機構作動.png>
[19]
File: 史蒂芬生機構範例.jpg Graphic file (type bmp)
<史蒂芬生機構範例.jpg>

Underfull \hbox (badness 10000) in paragraph at lines 657--658

 []

File: 瓦特氏運動機構.png Graphic file (type bmp)
<瓦特氏運動機構.png>
[20]
File: 瓦特氏運動機構飛機起落收放.png Graphic file (type bmp)
<瓦特氏運動機構飛機起落收放.png>

Underfull \hbox (badness 10000) in paragraph at lines 677--678

 []

File: 史蒂芬生機構第一型.png Graphic file (type bmp)
<史蒂芬生機構第一型.png>
[21]
File: 雙球升降器.png Graphic file (type bmp)
<雙球升降器.png>
File: 搖臂式發球機.jpg Graphic file (type bmp)
<搖臂式發球機.jpg>
 [22] [23]
Chapter 4.

Underfull \hbox (badness 10000) in paragraph at lines 704--706

 []


Underfull \hbox (badness 10000) in paragraph at lines 709--711

 []


Underfull \hbox (badness 10000) in paragraph at lines 715--717

 []


Underfull \hbox (badness 10000) in paragraph at lines 724--725

 []


Underfull \hbox (badness 10000) in paragraph at lines 728--730

 []


Underfull \hbox (badness 10000) in paragraph at lines 733--735

 []


Underfull \hbox (badness 10000) in paragraph at lines 750--751

 []

[24

]
Underfull \hbox (badness 10000) in paragraph at lines 760--761

 []


Overfull \hbox (0.24342pt too wide) in paragraph at lines 762--763
[]\TU/標楷體(0)/b/n/14 在 剎 車 的 時 候 因 為 力 量 轉 移 的 關 係 導 致 後 輪 產 生 升 起 的 情 況，|  而 \T
U/lmr/m/n/14 Anti-
 []


Underfull \hbox (badness 10000) in paragraph at lines 769--770

 []


Underfull \hbox (badness 10000) in paragraph at lines 771--773

 []


Underfull \hbox (badness 10000) in paragraph at lines 775--777

 []

File: Horst_link.png Graphic file (type bmp)
<Horst_link.png>
File: Twin-link.png Graphic file (type bmp)
<Twin-link.png>
[25] [26]
Chapter 5.
[27

]
Chapter 6.
File: follow-up research.png Graphic file (type bmp)
<follow-up research.png>

Overfull \hbox (4.78572pt too wide) in paragraph at lines 807--808
 [][] 
 []

[28

] [29] [30]
File: st1.jpg Graphic file (type bmp)
<st1.jpg>

Underfull \hbox (badness 10000) detected at line 850
\TU/標楷體(0)/b/n/14 姓 名
 []


Underfull \hbox (badness 10000) detected at line 851
\TU/標楷體(0)/b/n/14 林 昱 秀
 []


Underfull \hbox (badness 10000) detected at line 852
\TU/標楷體(0)/b/n/14 學 號
 []


Underfull \hbox (badness 10000) detected at line 853
\TU/lmr/m/n/14 40723102
 []


Underfull \hbox (badness 1112) detected at line 855
\TU/標楷體(0)/b/n/14 國 立 虎 尾 科 技 大 學
 []


Underfull \hbox (badness 10000) detected at line 856
 
 []


Underfull \hbox (badness 1881) detected at line 857
\TU/標楷體(0)/b/n/14 機 械 設 計 工 程 系
 []


Underfull \hbox (badness 10000) detected at line 858
\TU/標楷體(0)/b/n/14 經 歷
 []


Underfull \hbox (badness 10000) in paragraph at lines 860--861

 []

File: st2.jpg Graphic file (type bmp)
<st2.jpg>
! Undefined control sequence.
l.869     \noindent \kaishu
                            \fourteen \makebox[4em][s]{姓名}\enspace:\enspace
The control sequence at the end of the top line
of your error message was never \def'ed. If you have
misspelled it (e.g., `\hobx'), type `I' and the correct
spelling (e.g., `I\hbox'). Otherwise just continue,
and I'll forget about whatever was undefined.


Underfull \hbox (badness 10000) detected at line 869
\TU/標楷體(0)/b/n/14 姓 名
 []

! Undefined control sequence.
l.870     \kaishu
                  \fourteen \makebox[4em][s]{林晏瑩}\\ %\noindent指定首行不進行縮排
The control sequence at the end of the top line
of your error message was never \def'ed. If you have
misspelled it (e.g., `\hobx'), type `I' and the correct
spelling (e.g., `I\hbox'). Otherwise just continue,
and I'll forget about whatever was undefined.


Underfull \hbox (badness 10000) detected at line 870
\TU/標楷體(0)/b/n/14 林 晏 瑩
 []

! Undefined control sequence.
<recently read> \kaishu 
                        
l.871     \kaishu
                  \fourteen \makebox[4em][s]{學號}\enspace:\enspace
The control sequence at the end of the top line
of your error message was never \def'ed. If you have
misspelled it (e.g., `\hobx'), type `I' and the correct
spelling (e.g., `I\hbox'). Otherwise just continue,
and I'll forget about whatever was undefined.


Underfull \hbox (badness 10000) detected at line 871
\TU/標楷體(0)/b/n/14 學 號
 []

! Undefined control sequence.
l.872     \kaishu
                  \fourteen \makebox[4em][s]{40723103} \\ %\makebox為文本盒子
The control sequence at the end of the top line
of your error message was never \def'ed. If you have
misspelled it (e.g., `\hobx'), type `I' and the correct
spelling (e.g., `I\hbox'). Otherwise just continue,
and I'll forget about whatever was undefined.


Underfull \hbox (badness 10000) detected at line 872
\TU/lmr/m/n/14 40723103
 []

! Undefined control sequence.
<recently read> \kaishu 
                        
l.873     \kaishu
                  \fourteen \makebox[4em][s]{畢業學校}\enspace:\enspace
The control sequence at the end of the top line
of your error message was never \def'ed. If you have
misspelled it (e.g., `\hobx'), type `I' and the correct
spelling (e.g., `I\hbox'). Otherwise just continue,
and I'll forget about whatever was undefined.

! Undefined control sequence.
l.874     \kaishu
                  \fourteen \makebox[9em][s]{國立虎尾科技大學}\\
The control sequence at the end of the top line
of your error message was never \def'ed. If you have
misspelled it (e.g., `\hobx'), type `I' and the correct
spelling (e.g., `I\hbox'). Otherwise just continue,
and I'll forget about whatever was undefined.


Underfull \hbox (badness 1112) detected at line 874
\TU/標楷體(0)/b/n/14 國 立 虎 尾 科 技 大 學
 []

! Undefined control sequence.
<recently read> \kaishu 
                        
l.875     \kaishu
                  \fourteen \makebox[5em][s]{\quad}\enspace\enspace
The control sequence at the end of the top line
of your error message was never \def'ed. If you have
misspelled it (e.g., `\hobx'), type `I' and the correct
spelling (e.g., `I\hbox'). Otherwise just continue,
and I'll forget about whatever was undefined.


Underfull \hbox (badness 10000) detected at line 875
 
 []

! Undefined control sequence.
l.876     \kaishu
                  \fourteen \makebox[8em][s]{機械設計工程系}\\
The control sequence at the end of the top line
of your error message was never \def'ed. If you have
misspelled it (e.g., `\hobx'), type `I' and the correct
spelling (e.g., `I\hbox'). Otherwise just continue,
and I'll forget about whatever was undefined.


Underfull \hbox (badness 1881) detected at line 876
\TU/標楷體(0)/b/n/14 機 械 設 計 工 程 系
 []

! Undefined control sequence.
<recently read> \kaishu 
                        
l.877     \kaishu
                  \fourteen \makebox[4em][s]{經歷}\enspace:\enspace
The control sequence at the end of the top line
of your error message was never \def'ed. If you have
misspelled it (e.g., `\hobx'), type `I' and the correct
spelling (e.g., `I\hbox'). Otherwise just continue,
and I'll forget about whatever was undefined.


Underfull \hbox (badness 10000) detected at line 877
\TU/標楷體(0)/b/n/14 經 歷
 []


Underfull \hbox (badness 10000) in paragraph at lines 879--880

 []

File: st3.jpg Graphic file (type bmp)
<st3.jpg>
! Undefined control sequence.
l.889     \noindent \kaishu
                            \fourteen \makebox[4em][s]{姓名}\enspace:\enspace
The control sequence at the end of the top line
of your error message was never \def'ed. If you have
misspelled it (e.g., `\hobx'), type `I' and the correct
spelling (e.g., `I\hbox'). Otherwise just continue,
and I'll forget about whatever was undefined.


Underfull \hbox (badness 10000) detected at line 889
\TU/標楷體(0)/b/n/14 姓 名
 []

! Undefined control sequence.
l.890     \kaishu
                  \fourteen \makebox[4em][s]{劉光智}\\ %\noindent指定首行不進行縮排
The control sequence at the end of the top line
of your error message was never \def'ed. If you have
misspelled it (e.g., `\hobx'), type `I' and the correct
spelling (e.g., `I\hbox'). Otherwise just continue,
and I'll forget about whatever was undefined.


Underfull \hbox (badness 10000) detected at line 890
\TU/標楷體(0)/b/n/14 劉 光 智
 []

! Undefined control sequence.
<recently read> \kaishu 
                        
l.891     \kaishu
                  \fourteen \makebox[4em][s]{學號}\enspace:\enspace
The control sequence at the end of the top line
of your error message was never \def'ed. If you have
misspelled it (e.g., `\hobx'), type `I' and the correct
spelling (e.g., `I\hbox'). Otherwise just continue,
and I'll forget about whatever was undefined.


Underfull \hbox (badness 10000) detected at line 891
\TU/標楷體(0)/b/n/14 學 號
 []

! Undefined control sequence.
l.892     \kaishu
                  \fourteen \makebox[4em][s]{40723145} \\ %\makebox為文本盒子
The control sequence at the end of the top line
of your error message was never \def'ed. If you have
misspelled it (e.g., `\hobx'), type `I' and the correct
spelling (e.g., `I\hbox'). Otherwise just continue,
and I'll forget about whatever was undefined.


Underfull \hbox (badness 10000) detected at line 892
\TU/lmr/m/n/14 40723145
 []

! Undefined control sequence.
<recently read> \kaishu 
                        
l.893     \kaishu
                  \fourteen \makebox[4em][s]{畢業學校}\enspace:\enspace
The control sequence at the end of the top line
of your error message was never \def'ed. If you have
misspelled it (e.g., `\hobx'), type `I' and the correct
spelling (e.g., `I\hbox'). Otherwise just continue,
and I'll forget about whatever was undefined.

! Undefined control sequence.
l.894     \kaishu
                  \fourteen \makebox[9em][s]{國立虎尾科技大學}\\
The control sequence at the end of the top line
of your error message was never \def'ed. If you have
misspelled it (e.g., `\hobx'), type `I' and the correct
spelling (e.g., `I\hbox'). Otherwise just continue,
and I'll forget about whatever was undefined.


Underfull \hbox (badness 1112) detected at line 894
\TU/標楷體(0)/b/n/14 國 立 虎 尾 科 技 大 學
 []

! Undefined control sequence.
<recently read> \kaishu 
                        
l.895     \kaishu
                  \fourteen \makebox[5em][s]{\quad}\enspace\enspace
The control sequence at the end of the top line
of your error message was never \def'ed. If you have
misspelled it (e.g., `\hobx'), type `I' and the correct
spelling (e.g., `I\hbox'). Otherwise just continue,
and I'll forget about whatever was undefined.


Underfull \hbox (badness 10000) detected at line 895
 
 []

! Undefined control sequence.
l.896     \kaishu
                  \fourteen \makebox[8em][s]{機械設計工程系}\\
The control sequence at the end of the top line
of your error message was never \def'ed. If you have
misspelled it (e.g., `\hobx'), type `I' and the correct
spelling (e.g., `I\hbox'). Otherwise just continue,
and I'll forget about whatever was undefined.


Underfull \hbox (badness 1881) detected at line 896
\TU/標楷體(0)/b/n/14 機 械 設 計 工 程 系
 []

! Undefined control sequence.
<recently read> \kaishu 
                        
l.897     \kaishu
                  \fourteen \makebox[4em][s]{經歷}\enspace:\enspace
The control sequence at the end of the top line
of your error message was never \def'ed. If you have
misspelled it (e.g., `\hobx'), type `I' and the correct
spelling (e.g., `I\hbox'). Otherwise just continue,
and I'll forget about whatever was undefined.


Underfull \hbox (badness 10000) detected at line 897
\TU/標楷體(0)/b/n/14 經 歷
 []


Underfull \hbox (badness 10000) in paragraph at lines 899--900

 []

File: st4.jpg Graphic file (type bmp)
<st4.jpg>
! Undefined control sequence.
l.908     \noindent \kaishu
                            \fourteen \makebox[4em][s]{姓名}\enspace:\enspace
The control sequence at the end of the top line
of your error message was never \def'ed. If you have
misspelled it (e.g., `\hobx'), type `I' and the correct
spelling (e.g., `I\hbox'). Otherwise just continue,
and I'll forget about whatever was undefined.


Underfull \hbox (badness 10000) detected at line 908
\TU/標楷體(0)/b/n/14 姓 名
 []

! Undefined control sequence.
l.909     \kaishu
                  \fourteen \makebox[4em][s]{吳佳穎}\\ %\noindent指定首行不進行縮排
The control sequence at the end of the top line
of your error message was never \def'ed. If you have
misspelled it (e.g., `\hobx'), type `I' and the correct
spelling (e.g., `I\hbox'). Otherwise just continue,
and I'll forget about whatever was undefined.


Underfull \hbox (badness 10000) detected at line 909
\TU/標楷體(0)/b/n/14 吳 佳 穎
 []

! Undefined control sequence.
<recently read> \kaishu 
                        
l.910     \kaishu
                  \fourteen \makebox[4em][s]{學號}\enspace:\enspace
The control sequence at the end of the top line
of your error message was never \def'ed. If you have
misspelled it (e.g., `\hobx'), type `I' and the correct
spelling (e.g., `I\hbox'). Otherwise just continue,
and I'll forget about whatever was undefined.


Underfull \hbox (badness 10000) detected at line 910
\TU/標楷體(0)/b/n/14 學 號
 []

! Undefined control sequence.
l.911     \kaishu
                  \fourteen \makebox[4em][s]{40723153} \\ %\makebox為文本盒子
The control sequence at the end of the top line
of your error message was never \def'ed. If you have
misspelled it (e.g., `\hobx'), type `I' and the correct
spelling (e.g., `I\hbox'). Otherwise just continue,
and I'll forget about whatever was undefined.


Underfull \hbox (badness 10000) detected at line 911
\TU/lmr/m/n/14 40723153
 []

! Undefined control sequence.
<recently read> \kaishu 
                        
l.912     \kaishu
                  \fourteen \makebox[4em][s]{畢業學校}\enspace:\enspace
The control sequence at the end of the top line
of your error message was never \def'ed. If you have
misspelled it (e.g., `\hobx'), type `I' and the correct
spelling (e.g., `I\hbox'). Otherwise just continue,
and I'll forget about whatever was undefined.

! Undefined control sequence.
l.913     \kaishu
                  \fourteen \makebox[9em][s]{國立虎尾科技大學}\\
The control sequence at the end of the top line
of your error message was never \def'ed. If you have
misspelled it (e.g., `\hobx'), type `I' and the correct
spelling (e.g., `I\hbox'). Otherwise just continue,
and I'll forget about whatever was undefined.


Underfull \hbox (badness 1112) detected at line 913
\TU/標楷體(0)/b/n/14 國 立 虎 尾 科 技 大 學
 []

! Undefined control sequence.
<recently read> \kaishu 
                        
l.914     \kaishu
                  \fourteen \makebox[5em][s]{\quad}\enspace\enspace
The control sequence at the end of the top line
of your error message was never \def'ed. If you have
misspelled it (e.g., `\hobx'), type `I' and the correct
spelling (e.g., `I\hbox'). Otherwise just continue,
and I'll forget about whatever was undefined.


Underfull \hbox (badness 10000) detected at line 914
 
 []

! Undefined control sequence.
l.915     \kaishu
                  \fourteen \makebox[8em][s]{機械設計工程系}\\
The control sequence at the end of the top line
of your error message was never \def'ed. If you have
misspelled it (e.g., `\hobx'), type `I' and the correct
spelling (e.g., `I\hbox'). Otherwise just continue,
and I'll forget about whatever was undefined.


Underfull \hbox (badness 1881) detected at line 915
\TU/標楷體(0)/b/n/14 機 械 設 計 工 程 系
 []

! Undefined control sequence.
<recently read> \kaishu 
                        
l.916     \kaishu
                  \fourteen \makebox[4em][s]{經歷}\enspace:\enspace
The control sequence at the end of the top line
of your error message was never \def'ed. If you have
misspelled it (e.g., `\hobx'), type `I' and the correct
spelling (e.g., `I\hbox'). Otherwise just continue,
and I'll forget about whatever was undefined.


Underfull \hbox (badness 10000) detected at line 916
\TU/標楷體(0)/b/n/14 經 歷
 []


Underfull \hbox (badness 10000) in paragraph at lines 918--919

 []

File: st5.jpg Graphic file (type bmp)
<st5.jpg>
! Undefined control sequence.
l.927     \noindent \kaishu
                            \fourteen \makebox[4em][s]{姓名}\enspace:\enspace
The control sequence at the end of the top line
of your error message was never \def'ed. If you have
misspelled it (e.g., `\hobx'), type `I' and the correct
spelling (e.g., `I\hbox'). Otherwise just continue,
and I'll forget about whatever was undefined.


Underfull \hbox (badness 10000) detected at line 927
\TU/標楷體(0)/b/n/14 姓 名
 []

! Undefined control sequence.
l.928     \kaishu
                  \fourteen \makebox[4em][s]{蔡育灃}\\ %\noindent指定首行不進行縮排
The control sequence at the end of the top line
of your error message was never \def'ed. If you have
misspelled it (e.g., `\hobx'), type `I' and the correct
spelling (e.g., `I\hbox'). Otherwise just continue,
and I'll forget about whatever was undefined.


Underfull \hbox (badness 10000) detected at line 928
\TU/標楷體(0)/b/n/14 蔡 育 灃
 []

! Undefined control sequence.
<recently read> \kaishu 
                        
l.929     \kaishu
                  \fourteen \makebox[4em][s]{學號}\enspace:\enspace
The control sequence at the end of the top line
of your error message was never \def'ed. If you have
misspelled it (e.g., `\hobx'), type `I' and the correct
spelling (e.g., `I\hbox'). Otherwise just continue,
and I'll forget about whatever was undefined.


Underfull \hbox (badness 10000) detected at line 929
\TU/標楷體(0)/b/n/14 學 號
 []

! Undefined control sequence.
l.930     \kaishu
                  \fourteen \makebox[4em][s]{40723245} \\ %\makebox為文本盒子
The control sequence at the end of the top line
of your error message was never \def'ed. If you have
misspelled it (e.g., `\hobx'), type `I' and the correct
spelling (e.g., `I\hbox'). Otherwise just continue,
and I'll forget about whatever was undefined.


Underfull \hbox (badness 10000) detected at line 930
\TU/lmr/m/n/14 40723245
 []

! Undefined control sequence.
<recently read> \kaishu 
                        
l.931     \kaishu
                  \fourteen \makebox[4em][s]{畢業學校}\enspace:\enspace
The control sequence at the end of the top line
of your error message was never \def'ed. If you have
misspelled it (e.g., `\hobx'), type `I' and the correct
spelling (e.g., `I\hbox'). Otherwise just continue,
and I'll forget about whatever was undefined.

! Undefined control sequence.
l.932     \kaishu
                  \fourteen \makebox[9em][s]{國立虎尾科技大學}\\
The control sequence at the end of the top line
of your error message was never \def'ed. If you have
misspelled it (e.g., `\hobx'), type `I' and the correct
spelling (e.g., `I\hbox'). Otherwise just continue,
and I'll forget about whatever was undefined.


Underfull \hbox (badness 1112) detected at line 932
\TU/標楷體(0)/b/n/14 國 立 虎 尾 科 技 大 學
 []

! Undefined control sequence.
<recently read> \kaishu 
                        
l.933     \kaishu
                  \fourteen \makebox[5em][s]{\quad}\enspace\enspace
The control sequence at the end of the top line
of your error message was never \def'ed. If you have
misspelled it (e.g., `\hobx'), type `I' and the correct
spelling (e.g., `I\hbox'). Otherwise just continue,
and I'll forget about whatever was undefined.


Underfull \hbox (badness 10000) detected at line 933
 
 []

! Undefined control sequence.
l.934     \kaishu
                  \fourteen \makebox[8em][s]{機械設計工程系}\\
The control sequence at the end of the top line
of your error message was never \def'ed. If you have
misspelled it (e.g., `\hobx'), type `I' and the correct
spelling (e.g., `I\hbox'). Otherwise just continue,
and I'll forget about whatever was undefined.


Underfull \hbox (badness 1881) detected at line 934
\TU/標楷體(0)/b/n/14 機 械 設 計 工 程 系
 []

! Undefined control sequence.
<recently read> \kaishu 
                        
l.935     \kaishu
                  \fourteen \makebox[4em][s]{經歷}\enspace:\enspace
The control sequence at the end of the top line
of your error message was never \def'ed. If you have
misspelled it (e.g., `\hobx'), type `I' and the correct
spelling (e.g., `I\hbox'). Otherwise just continue,
and I'll forget about whatever was undefined.


Underfull \hbox (badness 10000) detected at line 935
\TU/標楷體(0)/b/n/14 經 歷
 []

[31] (4072pj3.aux)

LaTeX Font Warning: Some font shapes were not available, defaults substituted.


LaTeX Warning: There were multiply-defined labels.

 )
(\end occurred inside a group at level 3)

### simple group (level 3) entered at line 803 ({)
### simple group (level 2) entered at line 798 ({)
### simple group (level 1) entered at line 154 ({)
### bottom level 
Here is how much of TeX's memory you used:
 10406 strings out of 412197
 230849 string characters out of 2849426
 809533 words of memory out of 3000000
 29769 multiletter control sequences out of 15000+200000
 539087 words of font info for 76 fonts, out of 3000000 for 9000
 1348 hyphenation exceptions out of 8191
 79i,6n,85p,388b,1377s stack positions out of 5000i,500n,10000p,200000b,50000s

Output written on 4072pj3.pdf (37 pages).
